2025-08-23 09:14:06,857 - INFO - main:19 - Precio USDT: 214.5, Precio XRP: 689.797
2025-08-23 09:14:06,893 - INFO - main:28 - ✅ Tasa de USDT procesada.
2025-08-23 09:14:07,495 - INFO - main:55 - Tasas procesadas correctamente.
2025-08-23 09:14:35,123 - INFO - main:19 - Precio USDT: 214.0, Precio XRP: 689.797
2025-08-23 09:14:56,161 - INFO - main:28 - ✅ Tasa de USDT procesada.
2025-08-23 09:15:17,768 - INFO - main:55 - Tasas procesadas correctamente.
2025-08-23 09:22:07,096 - INFO - main:19 - Precio USDT: 214.0, Precio XRP: 676.73
2025-08-23 09:22:28,128 - INFO - main:28 - ✅ Tasa de USDT procesada.
2025-08-23 09:22:49,751 - INFO - main:56 - Tasas procesadas correctamente.
2025-08-23 09:39:25,036 - INFO - main:19 - Precio USDT: 214.0, Precio XRP: 667.65
2025-08-23 09:39:46,068 - INFO - main:28 - ✅ Tasa de USDT procesada.
2025-08-23 09:40:07,757 - INFO - main:56 - Tasas procesadas correctamente.
2025-08-23 21:20:49,654 - INFO - main:19 - Precio USDT: 199.0, Precio XRP: 663.14
2025-08-23 21:20:49,702 - INFO - main:28 - ✅ Tasa de USDT procesada.
2025-08-23 21:20:50,330 - INFO - main:56 - Tasas procesadas correctamente.
2025-08-23 21:21:27,931 - INFO - main:19 - Precio USDT: 199.0, Precio XRP: 663.14
2025-08-23 21:21:27,987 - INFO - main:28 - ✅ Tasa de USDT procesada.
2025-08-23 21:21:28,597 - INFO - main:56 - Tasas procesadas correctamente.
2025-08-23 21:21:32,817 - INFO - main:19 - Precio USDT: 199.0, Precio XRP: 663.14
2025-08-23 21:21:32,857 - INFO - main:28 - ✅ Tasa de USDT procesada.
2025-08-23 21:21:33,431 - INFO - main:56 - Tasas procesadas correctamente.
2025-08-23 21:21:37,746 - INFO - main:19 - Precio USDT: 199.0, Precio XRP: 663.14
2025-08-23 21:21:37,792 - INFO - main:28 - ✅ Tasa de USDT procesada.
2025-08-23 21:21:38,366 - INFO - main:56 - Tasas procesadas correctamente.
2025-08-23 21:21:45,667 - INFO - main:19 - Precio USDT: 199.0, Precio XRP: 662.378
2025-08-23 21:21:45,710 - INFO - main:28 - ✅ Tasa de USDT procesada.
2025-08-23 21:21:46,295 - INFO - main:56 - Tasas procesadas correctamente.
2025-08-23 21:22:56,299 - INFO - main:19 - Precio USDT: 199.0, Precio XRP: 662.378
2025-08-23 21:22:56,340 - INFO - main:28 - ✅ Tasa de USDT procesada.
2025-08-23 21:22:56,954 - INFO - main:56 - Tasas procesadas correctamente.
2025-08-23 21:23:00,191 - INFO - main:19 - Precio USDT: 199.0, Precio XRP: 662.378
2025-08-23 21:23:00,226 - INFO - main:28 - ✅ Tasa de USDT procesada.
2025-08-23 21:23:00,820 - INFO - main:56 - Tasas procesadas correctamente.
2025-08-23 21:24:02,295 - INFO - main:19 - Precio USDT: 199.0, Precio XRP: 662.378
2025-08-23 21:24:02,326 - INFO - main:28 - ✅ Tasa de USDT procesada.
2025-08-23 21:24:02,955 - INFO - main:56 - Tasas procesadas correctamente.
2025-08-23 21:24:05,374 - INFO - main:19 - Precio USDT: 199.0, Precio XRP: 662.378
2025-08-23 21:24:05,415 - INFO - main:28 - ✅ Tasa de USDT procesada.
2025-08-23 21:24:06,023 - INFO - main:56 - Tasas procesadas correctamente.
2025-08-23 21:41:31,476 - INFO - main:19 - Precio USDT: 200.0, Precio XRP: 663.93
2025-08-23 21:41:31,516 - INFO - main:28 - ✅ Tasa de USDT procesada.
2025-08-23 21:41:32,163 - INFO - main:56 - Tasas procesadas correctamente.
2025-08-24 08:57:11,234 - INFO - main:19 - Precio USDT: None, Precio XRP: 723.377
2025-08-24 08:57:11,854 - INFO - main:56 - Tasas procesadas correctamente.
2025-08-24 09:00:23,333 - INFO - main:19 - Precio USDT: 212.1, Precio XRP: 723.856
2025-08-24 09:00:23,356 - INFO - main:28 - ✅ Tasa de USDT procesada.
2025-08-24 09:00:23,988 - INFO - main:56 - Tasas procesadas correctamente.
2025-08-24 09:39:00,910 - INFO - main:19 - Precio USDT: 212.0, Precio XRP: 657.278
2025-08-24 09:39:00,936 - INFO - main:28 - ✅ Tasa de USDT procesada.
2025-08-24 09:39:01,547 - INFO - main:56 - Tasas procesadas correctamente.
2025-08-24 09:41:27,216 - INFO - main:19 - Precio USDT: 211.8, Precio XRP: 655.645
2025-08-24 09:41:27,255 - INFO - main:28 - ✅ Tasa de USDT procesada.
2025-08-24 09:41:27,288 - ERROR - main:41 - Error al procesar la tasa de USDT: 'CriptoService' object has no attribute 'logger'
2025-08-24 09:41:27,928 - INFO - main:55 - Tasas procesadas correctamente.
2025-08-24 09:43:13,709 - INFO - main:19 - Precio USDT: 212.5, Precio XRP: 655.33
2025-08-24 09:43:13,727 - INFO - main:28 - ✅ Tasa de USDT procesada.
2025-08-24 09:43:13,754 - INFO - main:35 - Tasa de XRP procesada.
2025-08-24 09:43:14,372 - INFO - main:55 - Tasas procesadas correctamente.
2025-08-24 09:52:41,451 - INFO - main:19 - Precio USDT: 212.0, Precio XRP: 650.645
2025-08-24 09:52:41,491 - INFO - main:28 - ✅ Tasa de USDT procesada.
2025-08-24 09:52:41,522 - INFO - main:35 - Tasa de XRP procesada.
2025-08-24 09:52:42,180 - INFO - main:55 - Tasas procesadas correctamente.
2025-08-24 09:53:34,582 - INFO - main:19 - Precio USDT: 212.0, Precio XRP: 650.645
2025-08-24 09:53:34,619 - INFO - main:28 - ✅ Tasa de USDT procesada.
2025-08-24 09:53:34,657 - INFO - main:35 - Tasa de XRP procesada.
2025-08-24 09:53:35,253 - INFO - main:55 - Tasas procesadas correctamente.
2025-08-24 09:53:38,901 - INFO - main:19 - Precio USDT: 212.0, Precio XRP: 650.645
2025-08-24 09:53:38,932 - INFO - main:28 - ✅ Tasa de USDT procesada.
2025-08-24 09:53:38,960 - INFO - main:35 - Tasa de XRP procesada.
2025-08-24 09:53:39,560 - INFO - main:55 - Tasas procesadas correctamente.
2025-08-24 09:54:02,119 - INFO - main:19 - Precio USDT: 212.0, Precio XRP: 650.645
2025-08-24 09:54:02,150 - INFO - main:28 - ✅ Tasa de USDT procesada.
2025-08-24 09:54:02,194 - INFO - main:35 - Tasa de XRP procesada.
2025-08-24 09:54:02,805 - INFO - main:55 - Tasas procesadas correctamente.
2025-08-24 09:54:05,107 - INFO - main:19 - Precio USDT: 212.0, Precio XRP: 650.645
2025-08-24 09:54:05,151 - INFO - main:28 - ✅ Tasa de USDT procesada.
2025-08-24 09:54:05,199 - INFO - main:35 - Tasa de XRP procesada.
2025-08-24 09:54:05,794 - INFO - main:55 - Tasas procesadas correctamente.
2025-08-31 11:06:15,871 - INFO - main:19 - Precio USDT: 205.0, Precio XRP: 584.032
2025-08-31 11:06:15,989 - INFO - main:28 - ✅ Tasa de USDT procesada.
2025-08-31 11:06:16,017 - INFO - main:35 - Tasa de XRP procesada.
2025-08-31 11:06:16,613 - INFO - main:55 - Tasas procesadas correctamente.
